TN:
SF:src/api/userApi.js
FN:4,createUser
FN:14,getUserById
FN:15,(anonymous_2)
FN:22,getAllUsers
FN:26,updateUser
FN:27,(anonymous_5)
FN:35,deleteUser
FN:36,(anonymous_7)
FN:44,resetUsers
FNF:9
FNH:4
FNDA:3,createUser
FNDA:1,getUserById
FNDA:1,(anonymous_2)
FNDA:0,getAllUsers
FNDA:0,updateUser
FNDA:0,(anonymous_5)
FNDA:0,deleteUser
FNDA:0,(anonymous_7)
FNDA:3,resetUsers
DA:1,1
DA:2,1
DA:5,3
DA:10,3
DA:11,3
DA:15,1
DA:16,1
DA:17,0
DA:19,1
DA:23,0
DA:27,0
DA:28,0
DA:29,0
DA:31,0
DA:32,0
DA:36,0
DA:37,0
DA:38,0
DA:40,0
DA:41,0
DA:45,3
DA:46,3
DA:49,1
LF:23
LH:11
BRDA:16,0,0,0
BRDA:16,0,1,1
BRDA:28,1,0,0
BRDA:28,1,1,0
BRDA:37,2,0,0
BRDA:37,2,1,0
BRF:6
BRH:1
end_of_record
TN:
SF:src/components/Button.js
FN:4,(anonymous_0)
FN:11,(anonymous_1)
FN:18,(anonymous_2)
FN:22,(anonymous_3)
FN:26,(anonymous_4)
FN:30,(anonymous_5)
FN:34,(anonymous_6)
FNF:7
FNH:5
FNDA:5,(anonymous_0)
FNDA:4,(anonymous_1)
FNDA:1,(anonymous_2)
FNDA:0,(anonymous_3)
FNDA:1,(anonymous_4)
FNDA:2,(anonymous_5)
FNDA:0,(anonymous_6)
DA:5,5
DA:6,5
DA:7,5
DA:8,5
DA:12,4
DA:13,3
DA:14,3
DA:19,1
DA:23,0
DA:27,1
DA:31,2
DA:35,0
DA:39,1
LF:13
LH:11
BRDA:12,0,0,3
BRDA:12,0,1,1
BRDA:12,1,0,4
BRDA:12,1,1,3
BRF:4
BRH:4
end_of_record
TN:
SF:src/components/Input.js
FN:4,(anonymous_0)
FN:12,(anonymous_1)
FN:17,(anonymous_2)
FN:21,(anonymous_3)
FN:26,(anonymous_4)
FN:44,(anonymous_5)
FN:48,(anonymous_6)
FNF:7
FNH:0
FNDA:0,(anonymous_0)
FNDA:0,(anonymous_1)
FNDA:0,(anonymous_2)
FNDA:0,(anonymous_3)
FNDA:0,(anonymous_4)
FNDA:0,(anonymous_5)
FNDA:0,(anonymous_6)
DA:5,0
DA:6,0
DA:7,0
DA:8,0
DA:9,0
DA:13,0
DA:14,0
DA:18,0
DA:22,0
DA:23,0
DA:27,0
DA:28,0
DA:29,0
DA:30,0
DA:33,0
DA:34,0
DA:35,0
DA:36,0
DA:39,0
DA:40,0
DA:41,0
DA:45,0
DA:49,0
DA:53,0
LF:24
LH:0
BRDA:4,0,0,0
BRDA:4,1,0,0
BRDA:27,2,0,0
BRDA:27,2,1,0
BRDA:27,3,0,0
BRDA:27,3,1,0
BRDA:33,4,0,0
BRDA:33,4,1,0
BRDA:33,5,0,0
BRDA:33,5,1,0
BRDA:33,5,2,0
BRF:11
BRH:0
end_of_record
TN:
SF:src/utils/calculator.js
FN:3,add
FN:7,subtract
FN:11,multiply
FN:15,divide
FN:22,calculate
FNF:5
FNH:3
FNDA:4,add
FNDA:0,subtract
FNDA:0,multiply
FNDA:2,divide
FNDA:2,calculate
DA:4,4
DA:8,0
DA:12,0
DA:16,2
DA:17,1
DA:19,1
DA:23,2
DA:30,2
DA:31,1
DA:34,1
DA:37,1
LF:11
LH:9
BRDA:16,0,0,1
BRDA:16,0,1,1
BRDA:30,1,0,1
BRDA:30,1,1,1
BRF:4
BRH:4
end_of_record
TN:
SF:src/utils/formatter.js
FN:3,formatCurrency
FN:13,formatDate
FN:27,capitalizeWords
FN:32,(anonymous_3)
FNF:4
FNH:3
FNDA:1,formatCurrency
FNDA:0,formatDate
FNDA:1,capitalizeWords
FNDA:2,(anonymous_3)
DA:4,1
DA:5,0
DA:7,1
DA:14,0
DA:15,0
DA:18,0
DA:24,0
DA:28,1
DA:29,0
DA:31,1
DA:32,2
DA:36,1
LF:12
LH:6
BRDA:3,0,0,1
BRDA:4,1,0,0
BRDA:4,1,1,1
BRDA:4,2,0,1
BRDA:4,2,1,1
BRDA:13,3,0,0
BRDA:14,4,0,0
BRDA:14,4,1,0
BRDA:14,5,0,0
BRDA:14,5,1,0
BRDA:24,6,0,0
BRDA:24,6,1,0
BRDA:28,7,0,0
BRDA:28,7,1,1
BRDA:28,8,0,1
BRDA:28,8,1,1
BRF:16
BRH:7
end_of_record
TN:
SF:src/utils/validator.js
FN:1,validateEmail
FN:9,validatePassword
FN:16,validateAge
FN:21,validateForm
FNF:4
FNH:4
FNDA:7,validateEmail
FNDA:2,validatePassword
FNDA:3,validateAge
FNDA:2,validateForm
DA:2,7
DA:3,0
DA:5,7
DA:6,7
DA:10,2
DA:11,0
DA:13,2
DA:17,3
DA:18,3
DA:22,2
DA:24,2
DA:25,0
DA:28,2
DA:29,0
DA:32,2
DA:33,0
DA:36,2
DA:42,1
LF:18
LH:13
BRDA:2,0,0,0
BRDA:2,0,1,7
BRDA:2,1,0,7
BRDA:2,1,1,7
BRDA:10,2,0,0
BRDA:10,2,1,2
BRDA:10,3,0,2
BRDA:10,3,1,2
BRDA:13,4,0,2
BRDA:13,4,1,2
BRDA:13,4,2,2
BRDA:18,5,0,3
BRDA:18,5,1,3
BRDA:18,5,2,3
BRDA:24,6,0,0
BRDA:24,6,1,2
BRDA:28,7,0,0
BRDA:28,7,1,2
BRDA:32,8,0,0
BRDA:32,8,1,2
BRF:20
BRH:15
end_of_record
